

Microchip MPLAB XC8 Assembler V2.10 build 88905656 
                                                                                               Tue Feb 18 23:57:37 2020

Microchip MPLAB XC8 C Compiler v2.10 (Free license) build 20190730164152 Og1 
     1                           	processor	16F887
     2                           	opt	pw 120
     3                           	opt	flic
     4                           	psect	cinit,global,class=CODE,merge=1,delta=2
     5                           	psect	bssCOMMON,global,class=COMMON,space=1,delta=1
     6                           	psect	cstackCOMMON,global,class=COMMON,space=1,delta=1
     7                           	psect	maintext,global,class=CODE,split=1,delta=2
     8                           	psect	text1,local,class=CODE,merge=1,delta=2
     9                           	psect	text2,local,class=CODE,merge=1,delta=2
    10                           	psect	text3,local,class=CODE,merge=1,delta=2
    11                           	dabs	1,0x7E,2
    12  0000                     
    13                           ; Version 2.10
    14                           ; Generated 31/07/2019 GMT
    15                           ; 
    16                           ; Copyright © 2019, Microchip Technology Inc. and its subsidiaries ("Microchip")
    17                           ; All rights reserved.
    18                           ; 
    19                           ; This software is developed by Microchip Technology Inc. and its subsidiaries ("Microch
      +                          ip").
    20                           ; 
    21                           ; Redistribution and use in source and binary forms, with or without modification, are
    22                           ; permitted provided that the following conditions are met:
    23                           ; 
    24                           ;     1. Redistributions of source code must retain the above copyright notice, this lis
      +                          t of
    25                           ;        conditions and the following disclaimer.
    26                           ; 
    27                           ;     2. Redistributions in binary form must reproduce the above copyright notice, this 
      +                          list
    28                           ;        of conditions and the following disclaimer in the documentation and/or other
    29                           ;        materials provided with the distribution.
    30                           ; 
    31                           ;     3. Microchip's name may not be used to endorse or promote products derived from th
      +                          is
    32                           ;        software without specific prior written permission.
    33                           ; 
    34                           ; THIS SOFTWARE IS PROVIDED BY MICROCHIP "AS IS" AND ANY EXPRESS OR IMPLIED WARRANTIES,
    35                           ; INCLUDING, BUT NOT LIMITED TO, THE IMPLIED WARRANTIES OF MERCHANTABILITY AND FITNESS F
      +                          OR
    36                           ; PURPOSE ARE DISCLAIMED.  IN NO EVENT SHALL MICROCHIP BE LIABLE FOR ANY DIRECT, INDIREC
      +                          T,
    37                           ; INCIDENTAL, SPECIAL, EXEMPLARY, OR CONSEQUENTIAL DAMAGES (INCLUDING BUT NOT LIMITED TO
    38                           ; PROCUREMENT OF SUBSTITUTE GOODS OR SERVICES; LOSS OF USE, DATA OR PROFITS; OR BUSINESS
    39                           ; INTERRUPTION) HOWSOEVER CAUSED AND ON ANY THEORY OF LIABILITY, WHETHER IN CONTRACT, ST
      +                          RICT
    40                           ; LIABILITY, OR TORT (INCLUDING NEGLIGENCE OR OTHERWISE) ARISING IN ANY WAY OUT OF THE U
      +                          SE OF
    41                           ; THIS SOFTWARE, EVEN IF ADVISED OF THE POSSIBILITY OF SUCH DAMAGE.
    42                           ; 
    43                           ; 
    44                           ; Code-generator required, PIC16F887 Definitions
    45                           ; 
    46                           ; SFR Addresses
    47  0000                     	;# 
    48  0001                     	;# 
    49  0002                     	;# 
    50  0003                     	;# 
    51  0004                     	;# 
    52  0005                     	;# 
    53  0006                     	;# 
    54  0007                     	;# 
    55  0008                     	;# 
    56  0009                     	;# 
    57  000A                     	;# 
    58  000B                     	;# 
    59  000C                     	;# 
    60  000D                     	;# 
    61  000E                     	;# 
    62  000E                     	;# 
    63  000F                     	;# 
    64  0010                     	;# 
    65  0011                     	;# 
    66  0012                     	;# 
    67  0013                     	;# 
    68  0014                     	;# 
    69  0015                     	;# 
    70  0015                     	;# 
    71  0016                     	;# 
    72  0017                     	;# 
    73  0018                     	;# 
    74  0019                     	;# 
    75  001A                     	;# 
    76  001B                     	;# 
    77  001B                     	;# 
    78  001C                     	;# 
    79  001D                     	;# 
    80  001E                     	;# 
    81  001F                     	;# 
    82  0081                     	;# 
    83  0085                     	;# 
    84  0086                     	;# 
    85  0087                     	;# 
    86  0088                     	;# 
    87  0089                     	;# 
    88  008C                     	;# 
    89  008D                     	;# 
    90  008E                     	;# 
    91  008F                     	;# 
    92  0090                     	;# 
    93  0091                     	;# 
    94  0092                     	;# 
    95  0093                     	;# 
    96  0093                     	;# 
    97  0093                     	;# 
    98  0094                     	;# 
    99  0095                     	;# 
   100  0096                     	;# 
   101  0097                     	;# 
   102  0098                     	;# 
   103  0099                     	;# 
   104  009A                     	;# 
   105  009B                     	;# 
   106  009C                     	;# 
   107  009D                     	;# 
   108  009E                     	;# 
   109  009F                     	;# 
   110  0105                     	;# 
   111  0107                     	;# 
   112  0108                     	;# 
   113  0109                     	;# 
   114  010C                     	;# 
   115  010C                     	;# 
   116  010D                     	;# 
   117  010E                     	;# 
   118  010F                     	;# 
   119  0185                     	;# 
   120  0187                     	;# 
   121  0188                     	;# 
   122  0189                     	;# 
   123  018C                     	;# 
   124  018D                     	;# 
   125  0000                     	;# 
   126  0001                     	;# 
   127  0002                     	;# 
   128  0003                     	;# 
   129  0004                     	;# 
   130  0005                     	;# 
   131  0006                     	;# 
   132  0007                     	;# 
   133  0008                     	;# 
   134  0009                     	;# 
   135  000A                     	;# 
   136  000B                     	;# 
   137  000C                     	;# 
   138  000D                     	;# 
   139  000E                     	;# 
   140  000E                     	;# 
   141  000F                     	;# 
   142  0010                     	;# 
   143  0011                     	;# 
   144  0012                     	;# 
   145  0013                     	;# 
   146  0014                     	;# 
   147  0015                     	;# 
   148  0015                     	;# 
   149  0016                     	;# 
   150  0017                     	;# 
   151  0018                     	;# 
   152  0019                     	;# 
   153  001A                     	;# 
   154  001B                     	;# 
   155  001B                     	;# 
   156  001C                     	;# 
   157  001D                     	;# 
   158  001E                     	;# 
   159  001F                     	;# 
   160  0081                     	;# 
   161  0085                     	;# 
   162  0086                     	;# 
   163  0087                     	;# 
   164  0088                     	;# 
   165  0089                     	;# 
   166  008C                     	;# 
   167  008D                     	;# 
   168  008E                     	;# 
   169  008F                     	;# 
   170  0090                     	;# 
   171  0091                     	;# 
   172  0092                     	;# 
   173  0093                     	;# 
   174  0093                     	;# 
   175  0093                     	;# 
   176  0094                     	;# 
   177  0095                     	;# 
   178  0096                     	;# 
   179  0097                     	;# 
   180  0098                     	;# 
   181  0099                     	;# 
   182  009A                     	;# 
   183  009B                     	;# 
   184  009C                     	;# 
   185  009D                     	;# 
   186  009E                     	;# 
   187  009F                     	;# 
   188  0105                     	;# 
   189  0107                     	;# 
   190  0108                     	;# 
   191  0109                     	;# 
   192  010C                     	;# 
   193  010C                     	;# 
   194  010D                     	;# 
   195  010E                     	;# 
   196  010F                     	;# 
   197  0185                     	;# 
   198  0187                     	;# 
   199  0188                     	;# 
   200  0189                     	;# 
   201  018C                     	;# 
   202  018D                     	;# 
   203  0000                     	;# 
   204  0001                     	;# 
   205  0002                     	;# 
   206  0003                     	;# 
   207  0004                     	;# 
   208  0005                     	;# 
   209  0006                     	;# 
   210  0007                     	;# 
   211  0008                     	;# 
   212  0009                     	;# 
   213  000A                     	;# 
   214  000B                     	;# 
   215  000C                     	;# 
   216  000D                     	;# 
   217  000E                     	;# 
   218  000E                     	;# 
   219  000F                     	;# 
   220  0010                     	;# 
   221  0011                     	;# 
   222  0012                     	;# 
   223  0013                     	;# 
   224  0014                     	;# 
   225  0015                     	;# 
   226  0015                     	;# 
   227  0016                     	;# 
   228  0017                     	;# 
   229  0018                     	;# 
   230  0019                     	;# 
   231  001A                     	;# 
   232  001B                     	;# 
   233  001B                     	;# 
   234  001C                     	;# 
   235  001D                     	;# 
   236  001E                     	;# 
   237  001F                     	;# 
   238  0081                     	;# 
   239  0085                     	;# 
   240  0086                     	;# 
   241  0087                     	;# 
   242  0088                     	;# 
   243  0089                     	;# 
   244  008C                     	;# 
   245  008D                     	;# 
   246  008E                     	;# 
   247  008F                     	;# 
   248  0090                     	;# 
   249  0091                     	;# 
   250  0092                     	;# 
   251  0093                     	;# 
   252  0093                     	;# 
   253  0093                     	;# 
   254  0094                     	;# 
   255  0095                     	;# 
   256  0096                     	;# 
   257  0097                     	;# 
   258  0098                     	;# 
   259  0099                     	;# 
   260  009A                     	;# 
   261  009B                     	;# 
   262  009C                     	;# 
   263  009D                     	;# 
   264  009E                     	;# 
   265  009F                     	;# 
   266  0105                     	;# 
   267  0107                     	;# 
   268  0108                     	;# 
   269  0109                     	;# 
   270  010C                     	;# 
   271  010C                     	;# 
   272  010D                     	;# 
   273  010E                     	;# 
   274  010F                     	;# 
   275  0185                     	;# 
   276  0187                     	;# 
   277  0188                     	;# 
   278  0189                     	;# 
   279  018C                     	;# 
   280  018D                     	;# 
   281  0013                     _SSPBUF	set	19
   282  0005                     _PORTAbits	set	5
   283  0014                     _SSPCONbits	set	20
   284  0019                     _TXREG	set	25
   285  000C                     _PIR1bits	set	12
   286  001A                     _RCREG	set	26
   287  0018                     _RCSTAbits	set	24
   288  0009                     _PORTE	set	9
   289  0008                     _PORTD	set	8
   290  0007                     _PORTC	set	7
   291  0006                     _PORTB	set	6
   292  0005                     _PORTA	set	5
   293  0065                     _RCIF	set	101
   294  0094                     _SSPSTATbits	set	148
   295  0098                     _TXSTAbits	set	152
   296  0099                     _SPBRG	set	153
   297  0086                     _TRISB	set	134
   298  0085                     _TRISAbits	set	133
   299  0087                     _TRISCbits	set	135
   300  008F                     _OSCCONbits	set	143
   301  04C1                     _TRMT	set	1217
   302  0187                     _BAUDCTLbits	set	391
   303  0189                     _ANSELH	set	393
   304  0188                     _ANSEL	set	392
   305                           
   306                           ; #config settings
   307  0000                     
   308                           	psect	cinit
   309  07F9                     start_initialization:	
   310  07F9                     __initialization:	
   311                           
   312                           ; Clear objects allocated to COMMON
   313  07F9  01F6               	clrf	__pbssCOMMON& (0+127)
   314  07FA  01F7               	clrf	(__pbssCOMMON+1)& (0+127)
   315  07FB  01F8               	clrf	(__pbssCOMMON+2)& (0+127)
   316  07FC                     end_of_initialization:	
   317                           ;End of C runtime variable initialization code
   318                           
   319  07FC                     __end_of__initialization:	
   320  07FC  0183               	clrf	3
   321  07FD  120A  118A  2FC6   	ljmp	_main	;jump to C main() function
   322                           
   323                           	psect	bssCOMMON
   324  0076                     __pbssCOMMON:	
   325  0076                     _masterOut:	
   326  0076                     	ds	1
   327  0077                     _masterIn:	
   328  0077                     	ds	1
   329  0078                     _dat:	
   330  0078                     	ds	1
   331                           
   332                           	psect	cstackCOMMON
   333  0070                     __pcstackCOMMON:	
   334  0070                     ?_UART_Init:	
   335  0070                     ?_UARTW:	
   336                           ; 1 bytes @ 0x0
   337                           
   338  0070                     ?_UART_Write:	
   339                           ; 1 bytes @ 0x0
   340                           
   341  0070                     ??_UART_Write:	
   342                           ; 1 bytes @ 0x0
   343                           
   344  0070                     ?_main:	
   345                           ; 1 bytes @ 0x0
   346                           
   347  0070                     UART_Write@data:	
   348                           ; 1 bytes @ 0x0
   349                           
   350  0070                     UART_Init@baudrate:	
   351                           ; 1 bytes @ 0x0
   352                           
   353                           
   354                           ; 4 bytes @ 0x0
   355  0070                     	ds	1
   356  0071                     ??_UARTW:	
   357                           
   358                           ; 1 bytes @ 0x1
   359  0071                     	ds	3
   360  0074                     ??_UART_Init:	
   361                           
   362                           ; 1 bytes @ 0x4
   363  0074                     	ds	2
   364  0076                     ??_main:	
   365                           
   366                           	psect	maintext
   367  07C6                     __pmaintext:	
   368                           ; 1 bytes @ 0x6
   369 ;;
   370 ;;Main: autosize = 0, tempsize = 0, incstack = 0, save=0
   371 ;;
   372 ;; *************** function _main *****************
   373 ;; Defined at:
   374 ;;		line 28 in file "Laboratorio_4_Master.c"
   375 ;; Parameters:    Size  Location     Type
   376 ;;		None
   377 ;; Auto vars:     Size  Location     Type
   378 ;;		None
   379 ;; Return value:  Size  Location     Type
   380 ;;                  1    wreg      void 
   381 ;; Registers used:
   382 ;;		wreg, status,2, status,0, pclath, cstack
   383 ;; Tracked objects:
   384 ;;		On entry : B00/0
   385 ;;		On exit  : 0/0
   386 ;;		Unchanged: 0/0
   387 ;; Data sizes:     COMMON   BANK0   BANK1   BANK3   BANK2
   388 ;;      Params:         0       0       0       0       0
   389 ;;      Locals:         0       0       0       0       0
   390 ;;      Temps:          0       0       0       0       0
   391 ;;      Totals:         0       0       0       0       0
   392 ;;Total ram usage:        0 bytes
   393 ;; Hardware stack levels required when called:    2
   394 ;; This function calls:
   395 ;;		_UARTW
   396 ;;		_UART_Init
   397 ;; This function is called by:
   398 ;;		Startup code after reset
   399 ;; This function uses a non-reentrant model
   400 ;;
   401                           
   402                           
   403                           ;psect for function _main
   404  07C6                     _main:	
   405  07C6                     l923:	
   406                           ;incstack = 0
   407                           ; Regs used in _main: [wreg+status,2+status,0+pclath+cstack]
   408                           
   409                           
   410                           ;Laboratorio_4_Master.c: 30:     OSCCONbits.IRCF =0b110;
   411  07C6  1683               	bsf	3,5	;RP0=1, select bank1
   412  07C7  1303               	bcf	3,6	;RP1=0, select bank1
   413  07C8  080F               	movf	15,w	;volatile
   414  07C9  398F               	andlw	-113
   415  07CA  3860               	iorlw	96
   416  07CB  008F               	movwf	15	;volatile
   417  07CC                     l925:	
   418                           
   419                           ;Laboratorio_4_Master.c: 31:     OSCCONbits.OSTS= 0;
   420  07CC  118F               	bcf	15,3	;volatile
   421  07CD                     l927:	
   422                           
   423                           ;Laboratorio_4_Master.c: 32:     OSCCONbits.HTS = 0;
   424  07CD  110F               	bcf	15,2	;volatile
   425  07CE                     l929:	
   426                           
   427                           ;Laboratorio_4_Master.c: 33:     OSCCONbits.LTS = 0;
   428  07CE  108F               	bcf	15,1	;volatile
   429  07CF                     l931:	
   430                           
   431                           ;Laboratorio_4_Master.c: 34:     OSCCONbits.SCS = 1;
   432  07CF  140F               	bsf	15,0	;volatile
   433  07D0                     l933:	
   434                           
   435                           ;Laboratorio_4_Master.c: 36:     ANSEL = 0b000000000;
   436  07D0  1683               	bsf	3,5	;RP0=1, select bank3
   437  07D1  1703               	bsf	3,6	;RP1=1, select bank3
   438  07D2  0188               	clrf	8	;volatile
   439  07D3                     l935:	
   440                           
   441                           ;Laboratorio_4_Master.c: 37:     ANSELH = 0b00000000;
   442  07D3  0189               	clrf	9	;volatile
   443  07D4                     l937:	
   444                           
   445                           ;Laboratorio_4_Master.c: 39:     TRISCbits.TRISC5 = 0;
   446  07D4  1683               	bsf	3,5	;RP0=1, select bank1
   447  07D5  1303               	bcf	3,6	;RP1=0, select bank1
   448  07D6  1287               	bcf	7,5	;volatile
   449  07D7                     l939:	
   450                           
   451                           ;Laboratorio_4_Master.c: 40:     TRISCbits.TRISC4 = 1;
   452  07D7  1607               	bsf	7,4	;volatile
   453  07D8                     l941:	
   454                           
   455                           ;Laboratorio_4_Master.c: 41:     TRISCbits.TRISC3 = 0;
   456  07D8  1187               	bcf	7,3	;volatile
   457  07D9                     l943:	
   458                           
   459                           ;Laboratorio_4_Master.c: 42:     TRISAbits.TRISA4 = 0;
   460  07D9  1205               	bcf	5,4	;volatile
   461  07DA                     l945:	
   462                           
   463                           ;Laboratorio_4_Master.c: 43:     TRISB = 0;
   464  07DA  0186               	clrf	6	;volatile
   465  07DB                     l947:	
   466                           
   467                           ;Laboratorio_4_Master.c: 44:     TRISAbits.TRISA1 =0;
   468  07DB  1085               	bcf	5,1	;volatile
   469  07DC                     l949:	
   470                           
   471                           ;Laboratorio_4_Master.c: 46:     PORTA = 0b00000000;
   472  07DC  1283               	bcf	3,5	;RP0=0, select bank0
   473  07DD  1303               	bcf	3,6	;RP1=0, select bank0
   474  07DE  0185               	clrf	5	;volatile
   475  07DF                     l951:	
   476                           
   477                           ;Laboratorio_4_Master.c: 47:     PORTB = 0b00000000;
   478  07DF  0186               	clrf	6	;volatile
   479  07E0                     l953:	
   480                           
   481                           ;Laboratorio_4_Master.c: 48:     PORTC = 0b00000000;
   482  07E0  0187               	clrf	7	;volatile
   483  07E1                     l955:	
   484                           
   485                           ;Laboratorio_4_Master.c: 49:     PORTD = 0b00000000;
   486  07E1  0188               	clrf	8	;volatile
   487  07E2                     l957:	
   488                           
   489                           ;Laboratorio_4_Master.c: 50:     PORTE = 0b0000;
   490  07E2  0189               	clrf	9	;volatile
   491  07E3                     l959:	
   492                           
   493                           ;Laboratorio_4_Master.c: 51:     UART_Init(9600);
   494  07E3  3000               	movlw	0
   495  07E4  00F3               	movwf	UART_Init@baudrate+3
   496  07E5  3000               	movlw	0
   497  07E6  00F2               	movwf	UART_Init@baudrate+2
   498  07E7  3025               	movlw	37
   499  07E8  00F1               	movwf	UART_Init@baudrate+1
   500  07E9  3080               	movlw	128
   501  07EA  00F0               	movwf	UART_Init@baudrate
   502  07EB  120A  118A  27A3  120A  118A  	fcall	_UART_Init
   503  07F0                     l961:	
   504                           
   505                           ;Laboratorio_4_Master.c: 66:         UARTW ();
   506  07F0  120A  118A  278E  120A  118A  	fcall	_UARTW
   507  07F5  2FF0               	goto	l961
   508  07F6  120A  118A  2800   	ljmp	start
   509  07F9                     __end_of_main:	
   510                           
   511                           	psect	text1
   512  07A3                     __ptext1:	
   513 ;; *************** function _UART_Init *****************
   514 ;; Defined at:
   515 ;;		line 37 in file "Labor4Master.c"
   516 ;; Parameters:    Size  Location     Type
   517 ;;  baudrate        4    0[COMMON] const long 
   518 ;; Auto vars:     Size  Location     Type
   519 ;;		None
   520 ;; Return value:  Size  Location     Type
   521 ;;                  1    wreg      unsigned char 
   522 ;; Registers used:
   523 ;;		wreg
   524 ;; Tracked objects:
   525 ;;		On entry : 0/0
   526 ;;		On exit  : 0/0
   527 ;;		Unchanged: 0/0
   528 ;; Data sizes:     COMMON   BANK0   BANK1   BANK3   BANK2
   529 ;;      Params:         4       0       0       0       0
   530 ;;      Locals:         0       0       0       0       0
   531 ;;      Temps:          2       0       0       0       0
   532 ;;      Totals:         6       0       0       0       0
   533 ;;Total ram usage:        6 bytes
   534 ;; Hardware stack levels used:    1
   535 ;; This function calls:
   536 ;;		Nothing
   537 ;; This function is called by:
   538 ;;		_main
   539 ;; This function uses a non-reentrant model
   540 ;;
   541                           
   542                           
   543                           ;psect for function _UART_Init
   544  07A3                     _UART_Init:	
   545  07A3                     l903:	
   546                           ;incstack = 0
   547                           ; Regs used in _UART_Init: [wreg]
   548                           
   549                           
   550                           ;Labor4Master.c: 46:    SPBRG = 25;
   551  07A3  3019               	movlw	25
   552  07A4  1683               	bsf	3,5	;RP0=1, select bank1
   553  07A5  1303               	bcf	3,6	;RP1=0, select bank1
   554  07A6  0099               	movwf	25	;volatile
   555  07A7                     l905:	
   556                           
   557                           ;Labor4Master.c: 48:    TXSTAbits.SYNC = 0;
   558  07A7  1218               	bcf	24,4	;volatile
   559  07A8                     l907:	
   560                           
   561                           ;Labor4Master.c: 49:    RCSTAbits.SPEN = 1;
   562  07A8  1283               	bcf	3,5	;RP0=0, select bank0
   563  07A9  1303               	bcf	3,6	;RP1=0, select bank0
   564  07AA  1798               	bsf	24,7	;volatile
   565  07AB                     l909:	
   566                           
   567                           ;Labor4Master.c: 50:       TRISCbits.TRISC7 = 1;
   568  07AB  1683               	bsf	3,5	;RP0=1, select bank1
   569  07AC  1303               	bcf	3,6	;RP1=0, select bank1
   570  07AD  1787               	bsf	7,7	;volatile
   571  07AE                     l911:	
   572                           
   573                           ;Labor4Master.c: 51:       TRISCbits.TRISC6 = 0;
   574  07AE  1307               	bcf	7,6	;volatile
   575  07AF                     l913:	
   576                           
   577                           ;Labor4Master.c: 52:       RCSTAbits.CREN = 1;
   578  07AF  1283               	bcf	3,5	;RP0=0, select bank0
   579  07B0  1303               	bcf	3,6	;RP1=0, select bank0
   580  07B1  1618               	bsf	24,4	;volatile
   581  07B2                     l915:	
   582                           
   583                           ;Labor4Master.c: 53:       TXSTAbits.TXEN = 1;
   584  07B2  1683               	bsf	3,5	;RP0=1, select bank1
   585  07B3  1303               	bcf	3,6	;RP1=0, select bank1
   586  07B4  1698               	bsf	24,5	;volatile
   587  07B5                     l917:	
   588                           
   589                           ;Labor4Master.c: 54:       TXSTAbits.BRGH = 1;
   590  07B5  1518               	bsf	24,2	;volatile
   591  07B6                     l919:	
   592                           
   593                           ;Labor4Master.c: 56:       RCSTAbits.RX9 = 0;
   594  07B6  1283               	bcf	3,5	;RP0=0, select bank0
   595  07B7  1303               	bcf	3,6	;RP1=0, select bank0
   596  07B8  1318               	bcf	24,6	;volatile
   597  07B9                     l921:	
   598                           
   599                           ;Labor4Master.c: 57:       BAUDCTLbits.BRG16 = 0;
   600  07B9  1683               	bsf	3,5	;RP0=1, select bank3
   601  07BA  1703               	bsf	3,6	;RP1=1, select bank3
   602  07BB  1187               	bcf	7,3	;volatile
   603                           
   604                           ;Labor4Master.c: 58:       _delay((unsigned long)((80)*(4000000/4000.0)));
   605  07BC  3068               	movlw	104
   606  07BD  00F5               	movwf	??_UART_Init+1
   607  07BE  30E4               	movlw	228
   608  07BF  00F4               	movwf	??_UART_Init
   609  07C0                     u107:	
   610  07C0  0BF4               	decfsz	??_UART_Init,f
   611  07C1  2FC0               	goto	u107
   612  07C2  0BF5               	decfsz	??_UART_Init+1,f
   613  07C3  2FC0               	goto	u107
   614  07C4  0000               	nop
   615  07C5                     l105:	
   616  07C5  0008               	return
   617  07C6                     __end_of_UART_Init:	
   618                           
   619                           	psect	text2
   620  078E                     __ptext2:	
   621 ;; *************** function _UARTW *****************
   622 ;; Defined at:
   623 ;;		line 30 in file "Labor4Master.c"
   624 ;; Parameters:    Size  Location     Type
   625 ;;		None
   626 ;; Auto vars:     Size  Location     Type
   627 ;;		None
   628 ;; Return value:  Size  Location     Type
   629 ;;                  1    wreg      void 
   630 ;; Registers used:
   631 ;;		wreg, status,2, status,0, pclath, cstack
   632 ;; Tracked objects:
   633 ;;		On entry : 0/0
   634 ;;		On exit  : 0/0
   635 ;;		Unchanged: 0/0
   636 ;; Data sizes:     COMMON   BANK0   BANK1   BANK3   BANK2
   637 ;;      Params:         0       0       0       0       0
   638 ;;      Locals:         0       0       0       0       0
   639 ;;      Temps:          3       0       0       0       0
   640 ;;      Totals:         3       0       0       0       0
   641 ;;Total ram usage:        3 bytes
   642 ;; Hardware stack levels used:    1
   643 ;; Hardware stack levels required when called:    1
   644 ;; This function calls:
   645 ;;		_UART_Write
   646 ;; This function is called by:
   647 ;;		_main
   648 ;; This function uses a non-reentrant model
   649 ;;
   650                           
   651                           
   652                           ;psect for function _UARTW
   653  078E                     _UARTW:	
   654  078E                     l100:	
   655                           ;incstack = 0
   656                           ; Regs used in _UARTW: [wreg+status,2+status,0+pclath+cstack]
   657                           ;Labor4Master.c: 31:     do{
   658                           
   659  078E                     l779:	
   660                           
   661                           ;Labor4Master.c: 32:         UART_Write(7);
   662  078E  3007               	movlw	7
   663  078F  120A  118A  277E  120A  118A  	fcall	_UART_Write
   664  0794                     l781:	
   665                           
   666                           ;Labor4Master.c: 33:         _delay((unsigned long)((10000)*(4000000/4000.0)));
   667  0794  3033               	movlw	51
   668  0795  00F3               	movwf	??_UARTW+2
   669  0796  30BB               	movlw	187
   670  0797  00F2               	movwf	??_UARTW+1
   671  0798  30DF               	movlw	223
   672  0799  00F1               	movwf	??_UARTW
   673  079A                     u117:	
   674  079A  0BF1               	decfsz	??_UARTW,f
   675  079B  2F9A               	goto	u117
   676  079C  0BF2               	decfsz	??_UARTW+1,f
   677  079D  2F9A               	goto	u117
   678  079E  0BF3               	decfsz	??_UARTW+2,f
   679  079F  2F9A               	goto	u117
   680  07A0  2FA1               	nop2
   681                           
   682                           ;Labor4Master.c: 34:     }while(1);
   683  07A1  2F8E               	goto	l100
   684  07A2  0008               	return
   685  07A3                     __end_of_UARTW:	
   686                           
   687                           	psect	text3
   688  077E                     __ptext3:	
   689 ;; *************** function _UART_Write *****************
   690 ;; Defined at:
   691 ;;		line 82 in file "Labor4Master.c"
   692 ;; Parameters:    Size  Location     Type
   693 ;;  data            1    wreg     unsigned char 
   694 ;; Auto vars:     Size  Location     Type
   695 ;;  data            1    0[COMMON] unsigned char 
   696 ;; Return value:  Size  Location     Type
   697 ;;                  1    wreg      void 
   698 ;; Registers used:
   699 ;;		wreg
   700 ;; Tracked objects:
   701 ;;		On entry : 0/0
   702 ;;		On exit  : 0/0
   703 ;;		Unchanged: 0/0
   704 ;; Data sizes:     COMMON   BANK0   BANK1   BANK3   BANK2
   705 ;;      Params:         0       0       0       0       0
   706 ;;      Locals:         1       0       0       0       0
   707 ;;      Temps:          0       0       0       0       0
   708 ;;      Totals:         1       0       0       0       0
   709 ;;Total ram usage:        1 bytes
   710 ;; Hardware stack levels used:    1
   711 ;; This function calls:
   712 ;;		Nothing
   713 ;; This function is called by:
   714 ;;		_UARTW
   715 ;;		_UART_Write_Text
   716 ;; This function uses a non-reentrant model
   717 ;;
   718                           
   719                           
   720                           ;psect for function _UART_Write
   721  077E                     _UART_Write:	
   722                           
   723                           ;incstack = 0
   724                           ; Regs used in _UART_Write: [wreg]
   725                           ;UART_Write@data stored from wreg
   726  077E  00F0               	movwf	UART_Write@data
   727  077F                     l755:	
   728  077F                     l126:	
   729                           ;Labor4Master.c: 83:     while(!TRMT);
   730                           
   731  077F  1683               	bsf	3,5	;RP0=1, select bank1
   732  0780  1303               	bcf	3,6	;RP1=0, select bank1
   733  0781  1C98               	btfss	24,1	;volatile
   734  0782  2F84               	goto	u11
   735  0783  2F85               	goto	u10
   736  0784                     u11:	
   737  0784  2F7F               	goto	l126
   738  0785                     u10:	
   739  0785                     l128:	
   740                           
   741                           ;Labor4Master.c: 84:     if (PIR1bits.TXIF == 1){
   742  0785  1283               	bcf	3,5	;RP0=0, select bank0
   743  0786  1303               	bcf	3,6	;RP1=0, select bank0
   744  0787  1E0C               	btfss	12,4	;volatile
   745  0788  2F8A               	goto	u21
   746  0789  2F8B               	goto	u20
   747  078A                     u21:	
   748  078A  2F8D               	goto	l130
   749  078B                     u20:	
   750  078B                     l757:	
   751                           
   752                           ;Labor4Master.c: 85:     TXREG = data;
   753  078B  0870               	movf	UART_Write@data,w
   754  078C  0099               	movwf	25	;volatile
   755  078D                     l130:	
   756  078D  0008               	return
   757  078E                     __end_of_UART_Write:	
   758  007E                     btemp	set	126	;btemp
   759  007E                     wtemp0	set	126


Data Sizes:
    Strings     0
    Constant    0
    Data        0
    BSS         3
    Persistent  0
    Stack       0

Auto Spaces:
    Space          Size  Autos    Used
    COMMON           14      6       9
    BANK0            80      0       0
    BANK1            80      0       0
    BANK3            96      0       0
    BANK2            96      0       0

Pointer List with Targets:

    None.

Critical Paths under _main in COMMON

    _main->_UART_Init
    _UARTW->_UART_Write

Critical Paths under _main in BANK0

    None.

Critical Paths under _main in BANK1

    None.

Critical Paths under _main in BANK3

    None.

Critical Paths under _main in BANK2

    None.

Call Graph Tables:

 ---------------------------------------------------------------------------------
 (Depth) Function   	        Calls       Base Space   Used Autos Params    Refs
 ---------------------------------------------------------------------------------
 (0) _main                                                 0     0      0      91
                              _UARTW
                          _UART_Init
 ---------------------------------------------------------------------------------
 (1) _UART_Init                                            6     2      4      76
                                              0 COMMON     6     2      4
 ---------------------------------------------------------------------------------
 (1) _UARTW                                                3     3      0      15
                                              1 COMMON     3     3      0
                         _UART_Write
 ---------------------------------------------------------------------------------
 (2) _UART_Write                                           1     1      0      15
                                              0 COMMON     1     1      0
 ---------------------------------------------------------------------------------
 Estimated maximum stack depth 2
 ---------------------------------------------------------------------------------

 Call Graph Graphs:

 _main (ROOT)
   _UARTW
     _UART_Write
   _UART_Init

 Address spaces:
Name               Size   Autos  Total    Cost      Usage
BITCOMMON            E      0       0       0        0.0%
EEDATA             100      0       0       0        0.0%
NULL                 0      0       0       0        0.0%
CODE                 0      0       0       0        0.0%
COMMON               E      6       9       1       64.3%
BITSFR0              0      0       0       1        0.0%
SFR0                 0      0       0       1        0.0%
BITSFR1              0      0       0       2        0.0%
SFR1                 0      0       0       2        0.0%
STACK                0      0       0       2        0.0%
ABS                  0      0       9       3        0.0%
BITBANK0            50      0       0       4        0.0%
BITSFR3              0      0       0       4        0.0%
SFR3                 0      0       0       4        0.0%
BANK0               50      0       0       5        0.0%
BITSFR2              0      0       0       5        0.0%
SFR2                 0      0       0       5        0.0%
BITBANK1            50      0       0       6        0.0%
BANK1               50      0       0       7        0.0%
BITBANK3            60      0       0       8        0.0%
BANK3               60      0       0       9        0.0%
BITBANK2            60      0       0      10        0.0%
BANK2               60      0       0      11        0.0%
DATA                 0      0       9      12        0.0%


Microchip Technology PIC Macro Assembler V2.10 build 88905656 
Symbol Table                                                                                   Tue Feb 18 23:57:37 2020

             __CFG_CP$OFF 0000               _SSPSTATbits 0094                        u10 0785  
                      u11 0784                        u20 078B                        u21 078A  
                     l100 078E                       l105 07C5                       l130 078D  
                     l126 077F                       l128 0785                       l911 07AE  
                     l903 07A3                       l921 07B9                       l913 07AF  
                     l905 07A7                       l755 077F                       l915 07B2  
                     l907 07A8                       l931 07CF                       l923 07C6  
                     l757 078B                       l781 0794                       l917 07B5  
                     l909 07AB                       l941 07D8                       l933 07D0  
                     l925 07CC                       l919 07B6                       l951 07DF  
                     l943 07D9                       l935 07D3                       l927 07CD  
                     l961 07F0                       l953 07E0                       l945 07DA  
                     l937 07D4                       l929 07CE                       l779 078E  
                     l955 07E1                       l947 07DB                       l939 07D7  
                     l957 07E2                       l949 07DC                       l959 07E3  
                     u107 07C0                       u117 079A              __CFG_CPD$OFF 0000  
                     _dat 0078              __CFG_LVP$OFF 0000                      _RCIF 0065  
                    _TRMT 04C1              __CFG_WRT$OFF 0000                      _main 07C6  
                    btemp 007E                      start 0000             __CFG_IESO$OFF 0000  
                   ?_main 0070             __CFG_WDTE$OFF 0000                     _ANSEL 0188  
                   _RCREG 001A                     _UARTW 078E                     _SPBRG 0099  
                   _PORTA 0005                     _PORTB 0006                     _PORTC 0007  
                   _PORTD 0008                     _PORTE 0009                     _TRISB 0086  
                   _TXREG 0019             __CFG_PWRTE$ON 0000            __CFG_FCMEN$OFF 0000  
             ?_UART_Write 0070        __size_of_UART_Init 0023            __CFG_BOREN$OFF 0000  
                   status 0003                     wtemp0 007E            __CFG_MCLRE$OFF 0000  
         __initialization 07F9              __end_of_main 07F9                    ??_main 0076  
                  ?_UARTW 0070                    _ANSELH 0189                    _SSPBUF 0013  
       __end_of_UART_Init 07C6       __size_of_UART_Write 0010   __end_of__initialization 07FC  
           __end_of_UARTW 07A3            __pcstackCOMMON 0070                   ??_UARTW 0071  
              __pmaintext 07C6              ??_UART_Write 0070        __end_of_UART_Write 078E  
                 __ptext1 07A3                   __ptext2 078E                   __ptext3 077E  
    end_of_initialization 07FC                 _RCSTAbits 0018                 _UART_Init 07A3  
               _PORTAbits 0005            UART_Write@data 0070                 _TRISAbits 0085  
               _TRISCbits 0087                 _TXSTAbits 0098                ?_UART_Init 0070  
             _BAUDCTLbits 0187       start_initialization 07F9  __CFG_FOSC$INTRC_NOCLKOUT 0000  
             __pbssCOMMON 0076                 ___latbits 0002               ??_UART_Init 0074  
          __size_of_UARTW 0015                 _masterOut 0076                  _PIR1bits 000C  
       UART_Init@baudrate 0070         __CFG_BOR4V$BOR40V 0000             __size_of_main 0033  
                _masterIn 0077                _OSCCONbits 008F                _UART_Write 077E  
              _SSPCONbits 0014  
